2013/08/26 15:19:14 [error] [php] date(): It is not safe to rely on the system's timezone settings. You are *required* to use the date.timezone setting or the date_default_timezone_set() function. In case you used any of those methods and you are still getting this warning, you most likely misspelled the timezone identifier. We selected the timezone 'UTC' for now, but please set date.timezone to select your timezone. (/srv/http/yii/ePathway/protected/views/layouts/main.php:51)
Stack trace:
#0 /srv/http/yii/framework/web/CBaseController.php(95): SiteController->renderInternal()
#1 /srv/http/yii/framework/web/widgets/CContentDecorator.php(76): SiteController->renderFile()
#2 /srv/http/yii/framework/web/widgets/CContentDecorator.php(54): CContentDecorator->decorate()
#3 /srv/http/yii/framework/web/widgets/COutputProcessor.php(44): CContentDecorator->processOutput()
#4 /srv/http/yii/framework/web/CBaseController.php(206): CContentDecorator->run()
#5 /srv/http/yii/framework/web/CBaseController.php(300): SiteController->endWidget()
#6 /srv/http/yii/ePathway/protected/views/layouts/column1.php(6): SiteController->endContent()
#7 /srv/http/yii/framework/web/CBaseController.php(126): require()
#8 /srv/http/yii/framework/web/CBaseController.php(95): SiteController->renderInternal()
#9 /srv/http/yii/framework/web/CController.php(784): SiteController->renderFile()
#10 /srv/http/yii/ePathway/protected/controllers/SiteController.php(32): SiteController->render()
#11 /srv/http/yii/framework/web/actions/CInlineAction.php(49): SiteController->actionIndex()
#12 /srv/http/yii/framework/web/CController.php(308): CInlineAction->runWithParams()
#13 /srv/http/yii/framework/web/CController.php(286): SiteController->runAction()
#14 /srv/http/yii/framework/web/CController.php(265): SiteController->runActionWithFilters()
#15 /srv/http/yii/framework/web/CWebApplication.php(282): SiteController->run()
#16 /srv/http/yii/framework/web/CWebApplication.php(141): CWebApplication->runController()
#17 /srv/http/yii/framework/base/CApplication.php(169): CWebApplication->processRequest()
#18 /srv/http/yii/ePathway/index.php(13): CWebApplication->run()
REQUEST_URI=/yii/ePathway/
in /srv/http/yii/ePathway/protected/views/layouts/main.php (51)
in /srv/http/yii/ePathway/protected/views/layouts/column1.php (6)
in /srv/http/yii/ePathway/protected/controllers/SiteController.php (32)
2013/08/26 15:19:43 [error] [php] date(): It is not safe to rely on the system's timezone settings. You are *required* to use the date.timezone setting or the date_default_timezone_set() function. In case you used any of those methods and you are still getting this warning, you most likely misspelled the timezone identifier. We selected the timezone 'UTC' for now, but please set date.timezone to select your timezone. (/srv/http/yii/ePathway/protected/views/layouts/main.php:51)
Stack trace:
#0 /srv/http/yii/framework/web/CBaseController.php(95): SiteController->renderInternal()
#1 /srv/http/yii/framework/web/widgets/CContentDecorator.php(76): SiteController->renderFile()
#2 /srv/http/yii/framework/web/widgets/CContentDecorator.php(54): CContentDecorator->decorate()
#3 /srv/http/yii/framework/web/widgets/COutputProcessor.php(44): CContentDecorator->processOutput()
#4 /srv/http/yii/framework/web/CBaseController.php(206): CContentDecorator->run()
#5 /srv/http/yii/framework/web/CBaseController.php(300): SiteController->endWidget()
#6 /srv/http/yii/ePathway/protected/views/layouts/column1.php(6): SiteController->endContent()
#7 /srv/http/yii/framework/web/CBaseController.php(126): require()
#8 /srv/http/yii/framework/web/CBaseController.php(95): SiteController->renderInternal()
#9 /srv/http/yii/framework/web/CController.php(784): SiteController->renderFile()
#10 /srv/http/yii/ePathway/protected/controllers/SiteController.php(32): SiteController->render()
#11 /srv/http/yii/framework/web/actions/CInlineAction.php(49): SiteController->actionIndex()
#12 /srv/http/yii/framework/web/CController.php(308): CInlineAction->runWithParams()
#13 /srv/http/yii/framework/web/CController.php(286): SiteController->runAction()
#14 /srv/http/yii/framework/web/CController.php(265): SiteController->runActionWithFilters()
#15 /srv/http/yii/framework/web/CWebApplication.php(282): SiteController->run()
#16 /srv/http/yii/framework/web/CWebApplication.php(141): CWebApplication->runController()
#17 /srv/http/yii/framework/base/CApplication.php(169): CWebApplication->processRequest()
#18 /srv/http/yii/ePathway/index.php(13): CWebApplication->run()
REQUEST_URI=/yii/ePathway/
in /srv/http/yii/ePathway/protected/views/layouts/main.php (51)
in /srv/http/yii/ePathway/protected/views/layouts/column1.php (6)
in /srv/http/yii/ePathway/protected/controllers/SiteController.php (32)
2013/08/26 15:20:11 [error] [php] date(): It is not safe to rely on the system's timezone settings. You are *required* to use the date.timezone setting or the date_default_timezone_set() function. In case you used any of those methods and you are still getting this warning, you most likely misspelled the timezone identifier. We selected the timezone 'UTC' for now, but please set date.timezone to select your timezone. (/srv/http/yii/ePathway/protected/views/layouts/main.php:51)
Stack trace:
#0 /srv/http/yii/framework/web/CBaseController.php(95): SiteController->renderInternal()
#1 /srv/http/yii/framework/web/widgets/CContentDecorator.php(76): SiteController->renderFile()
#2 /srv/http/yii/framework/web/widgets/CContentDecorator.php(54): CContentDecorator->decorate()
#3 /srv/http/yii/framework/web/widgets/COutputProcessor.php(44): CContentDecorator->processOutput()
#4 /srv/http/yii/framework/web/CBaseController.php(206): CContentDecorator->run()
#5 /srv/http/yii/framework/web/CBaseController.php(300): SiteController->endWidget()
#6 /srv/http/yii/ePathway/protected/views/layouts/column1.php(6): SiteController->endContent()
#7 /srv/http/yii/framework/web/CBaseController.php(126): require()
#8 /srv/http/yii/framework/web/CBaseController.php(95): SiteController->renderInternal()
#9 /srv/http/yii/framework/web/CController.php(784): SiteController->renderFile()
#10 /srv/http/yii/ePathway/protected/controllers/SiteController.php(32): SiteController->render()
#11 /srv/http/yii/framework/web/actions/CInlineAction.php(49): SiteController->actionIndex()
#12 /srv/http/yii/framework/web/CController.php(308): CInlineAction->runWithParams()
#13 /srv/http/yii/framework/web/CController.php(286): SiteController->runAction()
#14 /srv/http/yii/framework/web/CController.php(265): SiteController->runActionWithFilters()
#15 /srv/http/yii/framework/web/CWebApplication.php(282): SiteController->run()
#16 /srv/http/yii/framework/web/CWebApplication.php(141): CWebApplication->runController()
#17 /srv/http/yii/framework/base/CApplication.php(169): CWebApplication->processRequest()
#18 /srv/http/yii/ePathway/index.php(13): CWebApplication->run()
REQUEST_URI=/yii/ePathway/index.php
in /srv/http/yii/ePathway/protected/views/layouts/main.php (51)
in /srv/http/yii/ePathway/protected/views/layouts/column1.php (6)
in /srv/http/yii/ePathway/protected/controllers/SiteController.php (32)
2013/08/26 15:20:15 [error] [php] date(): It is not safe to rely on the system's timezone settings. You are *required* to use the date.timezone setting or the date_default_timezone_set() function. In case you used any of those methods and you are still getting this warning, you most likely misspelled the timezone identifier. We selected the timezone 'UTC' for now, but please set date.timezone to select your timezone. (/srv/http/yii/ePathway/protected/views/layouts/main.php:51)
Stack trace:
#0 /srv/http/yii/framework/web/CBaseController.php(95): SiteController->renderInternal()
#1 /srv/http/yii/framework/web/widgets/CContentDecorator.php(76): SiteController->renderFile()
#2 /srv/http/yii/framework/web/widgets/CContentDecorator.php(54): CContentDecorator->decorate()
#3 /srv/http/yii/framework/web/widgets/COutputProcessor.php(44): CContentDecorator->processOutput()
#4 /srv/http/yii/framework/web/CBaseController.php(206): CContentDecorator->run()
#5 /srv/http/yii/framework/web/CBaseController.php(300): SiteController->endWidget()
#6 /srv/http/yii/ePathway/protected/views/layouts/column1.php(6): SiteController->endContent()
#7 /srv/http/yii/framework/web/CBaseController.php(126): require()
#8 /srv/http/yii/framework/web/CBaseController.php(95): SiteController->renderInternal()
#9 /srv/http/yii/framework/web/CController.php(784): SiteController->renderFile()
#10 /srv/http/yii/ePathway/protected/controllers/SiteController.php(32): SiteController->render()
#11 /srv/http/yii/framework/web/actions/CInlineAction.php(49): SiteController->actionIndex()
#12 /srv/http/yii/framework/web/CController.php(308): CInlineAction->runWithParams()
#13 /srv/http/yii/framework/web/CController.php(286): SiteController->runAction()
#14 /srv/http/yii/framework/web/CController.php(265): SiteController->runActionWithFilters()
#15 /srv/http/yii/framework/web/CWebApplication.php(282): SiteController->run()
#16 /srv/http/yii/framework/web/CWebApplication.php(141): CWebApplication->runController()
#17 /srv/http/yii/framework/base/CApplication.php(169): CWebApplication->processRequest()
#18 /srv/http/yii/ePathway/index.php(13): CWebApplication->run()
REQUEST_URI=/yii/ePathway/
in /srv/http/yii/ePathway/protected/views/layouts/main.php (51)
in /srv/http/yii/ePathway/protected/views/layouts/column1.php (6)
in /srv/http/yii/ePathway/protected/controllers/SiteController.php (32)
2013/08/26 15:28:52 [error] [php] date(): It is not safe to rely on the system's timezone settings. You are *required* to use the date.timezone setting or the date_default_timezone_set() function. In case you used any of those methods and you are still getting this warning, you most likely misspelled the timezone identifier. We selected the timezone 'UTC' for now, but please set date.timezone to select your timezone. (/srv/http/yii/ePathway/protected/views/layouts/main.php:51)
Stack trace:
#0 /srv/http/yii/framework/web/CBaseController.php(95): SiteController->renderInternal()
#1 /srv/http/yii/framework/web/widgets/CContentDecorator.php(76): SiteController->renderFile()
#2 /srv/http/yii/framework/web/widgets/CContentDecorator.php(54): CContentDecorator->decorate()
#3 /srv/http/yii/framework/web/widgets/COutputProcessor.php(44): CContentDecorator->processOutput()
#4 /srv/http/yii/framework/web/CBaseController.php(206): CContentDecorator->run()
#5 /srv/http/yii/framework/web/CBaseController.php(300): SiteController->endWidget()
#6 /srv/http/yii/ePathway/protected/views/layouts/column1.php(6): SiteController->endContent()
#7 /srv/http/yii/framework/web/CBaseController.php(126): require()
#8 /srv/http/yii/framework/web/CBaseController.php(95): SiteController->renderInternal()
#9 /srv/http/yii/framework/web/CController.php(784): SiteController->renderFile()
#10 /srv/http/yii/ePathway/protected/controllers/SiteController.php(32): SiteController->render()
#11 /srv/http/yii/framework/web/actions/CInlineAction.php(49): SiteController->actionIndex()
#12 /srv/http/yii/framework/web/CController.php(308): CInlineAction->runWithParams()
#13 /srv/http/yii/framework/web/CController.php(286): SiteController->runAction()
#14 /srv/http/yii/framework/web/CController.php(265): SiteController->runActionWithFilters()
#15 /srv/http/yii/framework/web/CWebApplication.php(282): SiteController->run()
#16 /srv/http/yii/framework/web/CWebApplication.php(141): CWebApplication->runController()
#17 /srv/http/yii/framework/base/CApplication.php(169): CWebApplication->processRequest()
#18 /srv/http/yii/ePathway/index.php(13): CWebApplication->run()
REQUEST_URI=/yii/ePathway/
in /srv/http/yii/ePathway/protected/views/layouts/main.php (51)
in /srv/http/yii/ePathway/protected/views/layouts/column1.php (6)
in /srv/http/yii/ePathway/protected/controllers/SiteController.php (32)
2013/08/26 15:28:53 [error] [php] date(): It is not safe to rely on the system's timezone settings. You are *required* to use the date.timezone setting or the date_default_timezone_set() function. In case you used any of those methods and you are still getting this warning, you most likely misspelled the timezone identifier. We selected the timezone 'UTC' for now, but please set date.timezone to select your timezone. (/srv/http/yii/ePathway/protected/views/layouts/main.php:51)
Stack trace:
#0 /srv/http/yii/framework/web/CBaseController.php(95): SiteController->renderInternal()
#1 /srv/http/yii/framework/web/widgets/CContentDecorator.php(76): SiteController->renderFile()
#2 /srv/http/yii/framework/web/widgets/CContentDecorator.php(54): CContentDecorator->decorate()
#3 /srv/http/yii/framework/web/widgets/COutputProcessor.php(44): CContentDecorator->processOutput()
#4 /srv/http/yii/framework/web/CBaseController.php(206): CContentDecorator->run()
#5 /srv/http/yii/framework/web/CBaseController.php(300): SiteController->endWidget()
#6 /srv/http/yii/ePathway/protected/views/layouts/column1.php(6): SiteController->endContent()
#7 /srv/http/yii/framework/web/CBaseController.php(126): require()
#8 /srv/http/yii/framework/web/CBaseController.php(95): SiteController->renderInternal()
#9 /srv/http/yii/framework/web/CController.php(784): SiteController->renderFile()
#10 /srv/http/yii/ePathway/protected/controllers/SiteController.php(32): SiteController->render()
#11 /srv/http/yii/framework/web/actions/CInlineAction.php(49): SiteController->actionIndex()
#12 /srv/http/yii/framework/web/CController.php(308): CInlineAction->runWithParams()
#13 /srv/http/yii/framework/web/CController.php(286): SiteController->runAction()
#14 /srv/http/yii/framework/web/CController.php(265): SiteController->runActionWithFilters()
#15 /srv/http/yii/framework/web/CWebApplication.php(282): SiteController->run()
#16 /srv/http/yii/framework/web/CWebApplication.php(141): CWebApplication->runController()
#17 /srv/http/yii/framework/base/CApplication.php(169): CWebApplication->processRequest()
#18 /srv/http/yii/ePathway/index.php(13): CWebApplication->run()
REQUEST_URI=/yii/ePathway/
in /srv/http/yii/ePathway/protected/views/layouts/main.php (51)
in /srv/http/yii/ePathway/protected/views/layouts/column1.php (6)
in /srv/http/yii/ePathway/protected/controllers/SiteController.php (32)
2013/08/26 15:28:53 [error] [php] date(): It is not safe to rely on the system's timezone settings. You are *required* to use the date.timezone setting or the date_default_timezone_set() function. In case you used any of those methods and you are still getting this warning, you most likely misspelled the timezone identifier. We selected the timezone 'UTC' for now, but please set date.timezone to select your timezone. (/srv/http/yii/ePathway/protected/views/layouts/main.php:51)
Stack trace:
#0 /srv/http/yii/framework/web/CBaseController.php(95): SiteController->renderInternal()
#1 /srv/http/yii/framework/web/widgets/CContentDecorator.php(76): SiteController->renderFile()
#2 /srv/http/yii/framework/web/widgets/CContentDecorator.php(54): CContentDecorator->decorate()
#3 /srv/http/yii/framework/web/widgets/COutputProcessor.php(44): CContentDecorator->processOutput()
#4 /srv/http/yii/framework/web/CBaseController.php(206): CContentDecorator->run()
#5 /srv/http/yii/framework/web/CBaseController.php(300): SiteController->endWidget()
#6 /srv/http/yii/ePathway/protected/views/layouts/column1.php(6): SiteController->endContent()
#7 /srv/http/yii/framework/web/CBaseController.php(126): require()
#8 /srv/http/yii/framework/web/CBaseController.php(95): SiteController->renderInternal()
#9 /srv/http/yii/framework/web/CController.php(784): SiteController->renderFile()
#10 /srv/http/yii/ePathway/protected/controllers/SiteController.php(32): SiteController->render()
#11 /srv/http/yii/framework/web/actions/CInlineAction.php(49): SiteController->actionIndex()
#12 /srv/http/yii/framework/web/CController.php(308): CInlineAction->runWithParams()
#13 /srv/http/yii/framework/web/CController.php(286): SiteController->runAction()
#14 /srv/http/yii/framework/web/CController.php(265): SiteController->runActionWithFilters()
#15 /srv/http/yii/framework/web/CWebApplication.php(282): SiteController->run()
#16 /srv/http/yii/framework/web/CWebApplication.php(141): CWebApplication->runController()
#17 /srv/http/yii/framework/base/CApplication.php(169): CWebApplication->processRequest()
#18 /srv/http/yii/ePathway/index.php(13): CWebApplication->run()
REQUEST_URI=/yii/ePathway/
in /srv/http/yii/ePathway/protected/views/layouts/main.php (51)
in /srv/http/yii/ePathway/protected/views/layouts/column1.php (6)
in /srv/http/yii/ePathway/protected/controllers/SiteController.php (32)
2013/08/26 15:28:53 [error] [php] date(): It is not safe to rely on the system's timezone settings. You are *required* to use the date.timezone setting or the date_default_timezone_set() function. In case you used any of those methods and you are still getting this warning, you most likely misspelled the timezone identifier. We selected the timezone 'UTC' for now, but please set date.timezone to select your timezone. (/srv/http/yii/ePathway/protected/views/layouts/main.php:51)
Stack trace:
#0 /srv/http/yii/framework/web/CBaseController.php(95): SiteController->renderInternal()
#1 /srv/http/yii/framework/web/widgets/CContentDecorator.php(76): SiteController->renderFile()
#2 /srv/http/yii/framework/web/widgets/CContentDecorator.php(54): CContentDecorator->decorate()
#3 /srv/http/yii/framework/web/widgets/COutputProcessor.php(44): CContentDecorator->processOutput()
#4 /srv/http/yii/framework/web/CBaseController.php(206): CContentDecorator->run()
#5 /srv/http/yii/framework/web/CBaseController.php(300): SiteController->endWidget()
#6 /srv/http/yii/ePathway/protected/views/layouts/column1.php(6): SiteController->endContent()
#7 /srv/http/yii/framework/web/CBaseController.php(126): require()
#8 /srv/http/yii/framework/web/CBaseController.php(95): SiteController->renderInternal()
#9 /srv/http/yii/framework/web/CController.php(784): SiteController->renderFile()
#10 /srv/http/yii/ePathway/protected/controllers/SiteController.php(32): SiteController->render()
#11 /srv/http/yii/framework/web/actions/CInlineAction.php(49): SiteController->actionIndex()
#12 /srv/http/yii/framework/web/CController.php(308): CInlineAction->runWithParams()
#13 /srv/http/yii/framework/web/CController.php(286): SiteController->runAction()
#14 /srv/http/yii/framework/web/CController.php(265): SiteController->runActionWithFilters()
#15 /srv/http/yii/framework/web/CWebApplication.php(282): SiteController->run()
#16 /srv/http/yii/framework/web/CWebApplication.php(141): CWebApplication->runController()
#17 /srv/http/yii/framework/base/CApplication.php(169): CWebApplication->processRequest()
#18 /srv/http/yii/ePathway/index.php(13): CWebApplication->run()
REQUEST_URI=/yii/ePathway/
in /srv/http/yii/ePathway/protected/views/layouts/main.php (51)
in /srv/http/yii/ePathway/protected/views/layouts/column1.php (6)
in /srv/http/yii/ePathway/protected/controllers/SiteController.php (32)
2013/08/26 15:28:55 [error] [php] date(): It is not safe to rely on the system's timezone settings. You are *required* to use the date.timezone setting or the date_default_timezone_set() function. In case you used any of those methods and you are still getting this warning, you most likely misspelled the timezone identifier. We selected the timezone 'UTC' for now, but please set date.timezone to select your timezone. (/srv/http/yii/ePathway/protected/views/layouts/main.php:51)
Stack trace:
#0 /srv/http/yii/framework/web/CBaseController.php(95): SiteController->renderInternal()
#1 /srv/http/yii/framework/web/widgets/CContentDecorator.php(76): SiteController->renderFile()
#2 /srv/http/yii/framework/web/widgets/CContentDecorator.php(54): CContentDecorator->decorate()
#3 /srv/http/yii/framework/web/widgets/COutputProcessor.php(44): CContentDecorator->processOutput()
#4 /srv/http/yii/framework/web/CBaseController.php(206): CContentDecorator->run()
#5 /srv/http/yii/framework/web/CBaseController.php(300): SiteController->endWidget()
#6 /srv/http/yii/ePathway/protected/views/layouts/column1.php(6): SiteController->endContent()
#7 /srv/http/yii/framework/web/CBaseController.php(126): require()
#8 /srv/http/yii/framework/web/CBaseController.php(95): SiteController->renderInternal()
#9 /srv/http/yii/framework/web/CController.php(784): SiteController->renderFile()
#10 /srv/http/yii/ePathway/protected/controllers/SiteController.php(32): SiteController->render()
#11 /srv/http/yii/framework/web/actions/CInlineAction.php(49): SiteController->actionIndex()
#12 /srv/http/yii/framework/web/CController.php(308): CInlineAction->runWithParams()
#13 /srv/http/yii/framework/web/CController.php(286): SiteController->runAction()
#14 /srv/http/yii/framework/web/CController.php(265): SiteController->runActionWithFilters()
#15 /srv/http/yii/framework/web/CWebApplication.php(282): SiteController->run()
#16 /srv/http/yii/framework/web/CWebApplication.php(141): CWebApplication->runController()
#17 /srv/http/yii/framework/base/CApplication.php(169): CWebApplication->processRequest()
#18 /srv/http/yii/ePathway/index.php(13): CWebApplication->run()
REQUEST_URI=/yii/ePathway/
in /srv/http/yii/ePathway/protected/views/layouts/main.php (51)
in /srv/http/yii/ePathway/protected/views/layouts/column1.php (6)
in /srv/http/yii/ePathway/protected/controllers/SiteController.php (32)
2013/08/29 00:23:23 [error] [exception.CDbException] exception 'CDbException' with message 'CDbConnection failed to open the DB connection: could not find driver' in /srv/http/yii/framework/db/CDbConnection.php:381
Stack trace:
#0 /srv/http/yii/framework/db/CDbConnection.php(330): CDbConnection->open()
#1 /srv/http/yii/framework/db/CDbConnection.php(308): CDbConnection->setActive(true)
#2 /srv/http/yii/framework/base/CModule.php(387): CDbConnection->init()
#3 /srv/http/yii/framework/base/CModule.php(103): CModule->getComponent('db')
#4 /srv/http/yii/framework/gii/generators/crud/CrudCode.php(44): CModule->__get('db')
#5 /srv/http/yii/framework/web/CFormModel.php(39): CrudCode->init()
#6 /srv/http/yii/framework/gii/CCodeGenerator.php(153): CFormModel->__construct()
#7 /srv/http/yii/framework/gii/CCodeGenerator.php(63): CCodeGenerator->prepare()
#8 /srv/http/yii/framework/web/actions/CInlineAction.php(49): CCodeGenerator->actionIndex()
#9 /srv/http/yii/framework/web/CController.php(308): CInlineAction->runWithParams(Array)
#10 /srv/http/yii/framework/web/CController.php(286): CController->runAction(Object(CInlineAction))
#11 /srv/http/yii/framework/web/CController.php(265): CController->runActionWithFilters(Object(CInlineAction), Array)
#12 /srv/http/yii/framework/web/CWebApplication.php(282): CController->run('')
#13 /srv/http/yii/framework/web/CWebApplication.php(141): CWebApplication->runController('gii/crud')
#14 /srv/http/yii/framework/base/CApplication.php(169): CWebApplication->processRequest()
#15 /srv/http/yii/ePathway/index.php(13): CApplication->run()
#16 {main}
REQUEST_URI=/yii/ePathway/index.php?r=gii/crud
HTTP_REFERER=http://localhost/yii/ePathway/index.php?r=gii/default/index
---
2013/08/29 01:43:23 [warning] [application] Failed to set unsafe attribute "idtbl_gen" of "Gen".
in /srv/http/yii/ePathway/protected/controllers/GenController.php (139)
in /srv/http/yii/ePathway/index.php (13)
2013/08/29 01:43:25 [warning] [application] Failed to set unsafe attribute "idtbl_gen" of "Gen".
in /srv/http/yii/ePathway/protected/controllers/GenController.php (139)
in /srv/http/yii/ePathway/index.php (13)
2013/08/29 01:52:14 [error] [exception.CHttpException.400] exception 'CHttpException' with message 'Your request is invalid.' in /srv/http/yii/framework/web/CController.php:336
Stack trace:
#0 /srv/http/yii/framework/web/CController.php(309): CController->invalidActionParams(Object(CInlineAction))
#1 /srv/http/yii/framework/web/filters/CFilterChain.php(133): CController->runAction(Object(CInlineAction))
#2 /srv/http/yii/framework/web/filters/CFilter.php(40): CFilterChain->run()
#3 /srv/http/yii/framework/web/CController.php(1145): CFilter->filter(Object(CFilterChain))
#4 /srv/http/yii/framework/web/filters/CInlineFilter.php(58): CController->filterAccessControl(Object(CFilterChain))
#5 /srv/http/yii/framework/web/filters/CFilterChain.php(130): CInlineFilter->filter(Object(CFilterChain))
#6 /srv/http/yii/framework/web/CController.php(291): CFilterChain->run()
#7 /srv/http/yii/framework/web/CController.php(265): CController->runActionWithFilters(Object(CInlineAction), Array)
#8 /srv/http/yii/framework/web/CWebApplication.php(282): CController->run('view')
#9 /srv/http/yii/framework/web/CWebApplication.php(141): CWebApplication->runController('gen/view')
#10 /srv/http/yii/framework/base/CApplication.php(169): CWebApplication->processRequest()
#11 /srv/http/yii/ePathway/index.php(13): CApplication->run()
#12 {main}
REQUEST_URI=/yii/ePathway/index.php?r=gen/view
HTTP_REFERER=http://localhost/yii/ePathway/index.php?r=site/index
---
